c:\users\hp\desktop\projekty\gk_projekt\horrorgame\opengl\debug\vc120.pdb
c:\users\hp\desktop\projekty\gk_projekt\horrorgame\opengl\debug\texture.obj
c:\users\hp\desktop\projekty\gk_projekt\horrorgame\opengl\debug\shaderprogram.obj
c:\users\hp\desktop\projekty\gk_projekt\horrorgame\opengl\debug\shader.obj
c:\users\hp\desktop\projekty\gk_projekt\horrorgame\opengl\debug\optionsgamemenu.obj
c:\users\hp\desktop\projekty\gk_projekt\horrorgame\opengl\debug\objloader.obj
c:\users\hp\desktop\projekty\gk_projekt\horrorgame\opengl\debug\newmodel.obj
c:\users\hp\desktop\projekty\gk_projekt\horrorgame\opengl\debug\modelloader.obj
c:\users\hp\desktop\projekty\gk_projekt\horrorgame\opengl\debug\maingamemenu.obj
c:\users\hp\desktop\projekty\gk_projekt\horrorgame\opengl\debug\main.obj
c:\users\hp\desktop\projekty\gk_projekt\horrorgame\opengl\debug\loadinggamewindow.obj
c:\users\hp\desktop\projekty\gk_projekt\horrorgame\opengl\debug\gameenvironment.obj
c:\users\hp\desktop\projekty\gk_projekt\horrorgame\opengl\debug\game.obj
c:\users\hp\desktop\projekty\gk_projekt\horrorgame\opengl\debug\camera.obj
c:\users\hp\desktop\projekty\gk_projekt\horrorgame\opengl\debug\animation.obj
c:\users\hp\desktop\projekty\gk_projekt\horrorgame\opengl\debug\aboutgamemenu.obj
c:\users\hp\desktop\projekty\gk_projekt\horrorgame\opengl\debug\.netframework,version=v4.5.assemblyattributes.obj
c:\users\hp\desktop\projekty\gk_projekt\horrorgame\opengl\debug\model.obj
c:\users\hp\desktop\projekty\gk_projekt\horrorgame\opengl\debug\opengl.aboutgamemenu.resources
c:\users\hp\desktop\projekty\gk_projekt\horrorgame\opengl\debug\opengl.loadinggamewindow.resources
c:\users\hp\desktop\projekty\gk_projekt\horrorgame\opengl\debug\opengl.maingamemenu.resources
c:\users\hp\desktop\projekty\gk_projekt\horrorgame\opengl\debug\opengl.optionsgamemenu.resources
c:\users\hp\desktop\projekty\gk_projekt\horrorgame\debug\horrorgame.exe
c:\users\hp\desktop\projekty\gk_projekt\horrorgame\debug\horrorgame.pdb
c:\users\hp\desktop\projekty\gk_projekt\horrorgame\opengl\debug\opengl.vcxproj.generateresource.cache
c:\users\hp\desktop\projekty\gk_projekt\horrorgame\opengl\debug\horrorgame.tlog\cl.command.1.tlog
c:\users\hp\desktop\projekty\gk_projekt\horrorgame\opengl\debug\horrorgame.tlog\cl.read.1.tlog
c:\users\hp\desktop\projekty\gk_projekt\horrorgame\opengl\debug\horrorgame.tlog\cl.write.1.tlog
c:\users\hp\desktop\projekty\gk_projekt\horrorgame\opengl\debug\horrorgame.tlog\horrorgame.write.1u.tlog
c:\users\hp\desktop\projekty\gk_projekt\horrorgame\opengl\debug\horrorgame.tlog\link.command.1.tlog
c:\users\hp\desktop\projekty\gk_projekt\horrorgame\opengl\debug\horrorgame.tlog\link.read.1.tlog
c:\users\hp\desktop\projekty\gk_projekt\horrorgame\opengl\debug\horrorgame.tlog\link.write.1.tlog
c:\users\hp\desktop\projekty\gk_projekt\horrorgame\opengl\debug\horrorgame.tlog\metagen.read.1.tlog
c:\users\hp\desktop\projekty\gk_projekt\horrorgame\opengl\debug\horrorgame.tlog\metagen.write.1.tlog
c:\users\hp\desktop\projekty\gk_projekt\horrorgame\opengl\debug\horrorgame.tlog\rsaenh.dll.bi
c:\users\hp\desktop\projekty\gk_projekt\horrorgame\opengl\debug\horrorgame.tlog\tzres.dll.bi
